<?xml version="1.0" encoding="UTF-8"?>
<!-- Generated by org.testng.reporters.JUnitXMLReporter -->
<testsuite ignored="0" hostname="DESKTOP-C2N7RQP" failures="0" tests="10" name="Default test" time="51.268" errors="0" timestamp="2021-05-26T20:47:27 ICT">
  <testcase classname="demo.selenium.TestLogin" name="LoginDungThongTin" time="5.006"/>
  <testcase classname="demo.selenium.TestLogin" name="LoginSaiPassword" time="4.657"/>
  <testcase classname="demo.selenium.TestLogin" name="LoginSaiUsername" time="4.627"/>
  <testcase classname="demo.selenium.TestLogin" name="KhongNhapUsername" time="4.519"/>
  <testcase classname="demo.selenium.TestLogin" name="KhongNhapPassword" time="4.3"/>
  <testcase classname="demo.selenium.TestLogin" name="KhongNhapUsernamePassword" time="4.278"/>
  <testcase classname="demo.selenium.TestLogin" name="KhoangTrangTruocUsername" time="4.561"/>
  <testcase classname="demo.selenium.TestLogin" name="KhoangTrangTruocPassword" time="4.571"/>
  <testcase classname="demo.selenium.TestLogin" name="UsernamePasswordLaKhoangTrang" time="4.515"/>
  <testcase classname="demo.selenium.TestLogin" name="LoginWithRemember" time="4.828"/>
</testsuite> <!-- Default test -->
