<?xml version="1.0" encoding="UTF-8"?>
<testng-results ignored="0" total="10" passed="10" failed="0" skipped="0">
  <reporter-output>
  </reporter-output>
  <suite started-at="2021-05-26T20:46:36 ICT" name="Default suite" finished-at="2021-05-26T20:47:27 ICT" duration-ms="51268">
    <groups>
    </groups>
    <test started-at="2021-05-26T20:46:36 ICT" name="Default test" finished-at="2021-05-26T20:47:27 ICT" duration-ms="51268">
      <class name="demo.selenium.TestLogin">
        <test-method is-config="true" signature="suiteSetup()[pri:0, instance:demo.selenium.TestLogin@31f9b85e]" started-at="2021-05-26T20:46:36 ICT" name="suiteSetup" finished-at="2021-05-26T20:46:41 ICT" duration-ms="5282" status="PASS">
          <reporter-output>
          </reporter-output>
        </test-method> <!-- suiteSetup -->
        <test-method signature="LoginDungThongTin()[pri:1, instance:demo.selenium.TestLogin@31f9b85e]" started-at="2021-05-26T20:46:41 ICT" name="LoginDungThongTin" finished-at="2021-05-26T20:46:46 ICT" duration-ms="5006" status="PASS">
          <reporter-output>
          </reporter-output>
        </test-method> <!-- LoginDungThongTin -->
        <test-method signature="LoginSaiPassword()[pri:2, instance:demo.selenium.TestLogin@31f9b85e]" started-at="2021-05-26T20:46:46 ICT" name="LoginSaiPassword" finished-at="2021-05-26T20:46:51 ICT" duration-ms="4657" status="PASS">
          <reporter-output>
          </reporter-output>
        </test-method> <!-- LoginSaiPassword -->
        <test-method signature="LoginSaiUsername()[pri:3, instance:demo.selenium.TestLogin@31f9b85e]" started-at="2021-05-26T20:46:51 ICT" name="LoginSaiUsername" finished-at="2021-05-26T20:46:56 ICT" duration-ms="4627" status="PASS">
          <reporter-output>
          </reporter-output>
        </test-method> <!-- LoginSaiUsername -->
        <test-method signature="KhongNhapUsername()[pri:4, instance:demo.selenium.TestLogin@31f9b85e]" started-at="2021-05-26T20:46:56 ICT" name="KhongNhapUsername" finished-at="2021-05-26T20:47:00 ICT" duration-ms="4519" status="PASS">
          <reporter-output>
          </reporter-output>
        </test-method> <!-- KhongNhapUsername -->
        <test-method signature="KhongNhapPassword()[pri:5, instance:demo.selenium.TestLogin@31f9b85e]" started-at="2021-05-26T20:47:00 ICT" name="KhongNhapPassword" finished-at="2021-05-26T20:47:04 ICT" duration-ms="4300" status="PASS">
          <reporter-output>
          </reporter-output>
        </test-method> <!-- KhongNhapPassword -->
        <test-method signature="KhongNhapUsernamePassword()[pri:6, instance:demo.selenium.TestLogin@31f9b85e]" started-at="2021-05-26T20:47:04 ICT" name="KhongNhapUsernamePassword" finished-at="2021-05-26T20:47:09 ICT" duration-ms="4278" status="PASS">
          <reporter-output>
          </reporter-output>
        </test-method> <!-- KhongNhapUsernamePassword -->
        <test-method signature="KhoangTrangTruocUsername()[pri:7, instance:demo.selenium.TestLogin@31f9b85e]" started-at="2021-05-26T20:47:09 ICT" name="KhoangTrangTruocUsername" finished-at="2021-05-26T20:47:13 ICT" duration-ms="4561" status="PASS">
          <reporter-output>
          </reporter-output>
        </test-method> <!-- KhoangTrangTruocUsername -->
        <test-method signature="KhoangTrangTruocPassword()[pri:8, instance:demo.selenium.TestLogin@31f9b85e]" started-at="2021-05-26T20:47:13 ICT" name="KhoangTrangTruocPassword" finished-at="2021-05-26T20:47:18 ICT" duration-ms="4571" status="PASS">
          <reporter-output>
          </reporter-output>
        </test-method> <!-- KhoangTrangTruocPassword -->
        <test-method signature="UsernamePasswordLaKhoangTrang()[pri:9, instance:demo.selenium.TestLogin@31f9b85e]" started-at="2021-05-26T20:47:18 ICT" name="UsernamePasswordLaKhoangTrang" finished-at="2021-05-26T20:47:22 ICT" duration-ms="4515" status="PASS">
          <reporter-output>
          </reporter-output>
        </test-method> <!-- UsernamePasswordLaKhoangTrang -->
        <test-method signature="LoginWithRemember()[pri:10, instance:demo.selenium.TestLogin@31f9b85e]" started-at="2021-05-26T20:47:22 ICT" name="LoginWithRemember" finished-at="2021-05-26T20:47:27 ICT" duration-ms="4828" status="PASS">
          <reporter-output>
          </reporter-output>
        </test-method> <!-- LoginWithRemember -->
        <test-method is-config="true" signature="Writeclose()[pri:0, instance:demo.selenium.TestLogin@31f9b85e]" started-at="2021-05-26T20:47:27 ICT" name="Writeclose" finished-at="2021-05-26T20:47:27 ICT" duration-ms="69" status="PASS">
          <reporter-output>
          </reporter-output>
        </test-method> <!-- Writeclose -->
      </class> <!-- demo.selenium.TestLogin -->
    </test> <!-- Default test -->
  </suite> <!-- Default suite -->
</testng-results>
